*** Life<ConwayCell> 4x4 ***

Generation = 0, Population = 4.
....
.**.
.**.
....

Generation = 1, Population = 4.
....
.**.
.**.
....

Generation = 2, Population = 4.
....
.**.
.**.
....

Generation = 3, Population = 4.
....
.**.
.**.
....

*** Life<ConwayCell> 5x6 ***

Generation = 0, Population = 6.
......
..**..
.*..*.
..**..
......

Generation = 1, Population = 6.
......
..**..
.*..*.
..**..
......

Generation = 2, Population = 6.
......
..**..
.*..*.
..**..
......

Generation = 3, Population = 6.
......
..**..
.*..*.
..**..
......

*** Life<ConwayCell> 5x5 ***

Generation = 0, Population = 4.
.....
..*..
.*.*.
..*..
.....

Generation = 1, Population = 4.
.....
..*..
.*.*.
..*..
.....

Generation = 2, Population = 4.
.....
..*..
.*.*.
..*..
.....

Generation = 3, Population = 4.
.....
..*..
.*.*.
..*..
.....

*** Life<ConwayCell> 5x5 ***

Generation = 0, Population = 3.
.....
..*..
..*..
..*..
.....

Generation = 1, Population = 3.
.....
.....
.***.
.....
.....

Generation = 2, Population = 3.
.....
..*..
..*..
..*..
.....

Generation = 3, Population = 3.
.....
.....
.***.
.....
.....

Generation = 4, Population = 3.
.....
..*..
..*..
..*..
.....

Generation = 5, Population = 3.
.....
.....
.***.
.....
.....

*** Life<ConwayCell> 9x9 ***

Generation = 0, Population = 5.
..*......
*.*......
.**......
.........
.........
.........
.........
.........
.........

Generation = 1, Population = 5.
.*.......
..**.....
.**......
.........
.........
.........
.........
.........
.........

Generation = 2, Population = 5.
..*......
...*.....
.***.....
.........
.........
.........
.........
.........
.........

Generation = 3, Population = 5.
.........
.*.*.....
..**.....
..*......
.........
.........
.........
.........
.........

Generation = 4, Population = 5.
.........
...*.....
.*.*.....
..**.....
.........
.........
.........
.........
.........

Generation = 5, Population = 5.
.........
..*......
...**....
..**.....
.........
.........
.........
.........
.........

Generation = 6, Population = 5.
.........
...*.....
....*....
..***....
.........
.........
.........
.........
.........

Generation = 7, Population = 5.
.........
.........
..*.*....
...**....
...*.....
.........
.........
.........
.........

Generation = 8, Population = 5.
.........
.........
....*....
..*.*....
...**....
.........
.........
.........
.........

Generation = 9, Population = 5.
.........
.........
...*.....
....**...
...**....
.........
.........
.........
.........

Generation = 10, Population = 5.
.........
.........
....*....
.....*...
...***...
.........
.........
.........
.........

Generation = 11, Population = 5.
.........
.........
.........
...*.*...
....**...
....*....
.........
.........
.........

Generation = 12, Population = 5.
.........
.........
.........
.....*...
...*.*...
....**...
.........
.........
.........

Generation = 13, Population = 5.
.........
.........
.........
....*....
.....**..
....**...
.........
.........
.........

Generation = 14, Population = 5.
.........
.........
.........
.....*...
......*..
....***..
.........
.........
.........

Generation = 15, Population = 5.
.........
.........
.........
.........
....*.*..
.....**..
.....*...
.........
.........

Generation = 16, Population = 5.
.........
.........
.........
.........
......*..
....*.*..
.....**..
.........
.........

Generation = 17, Population = 5.
.........
.........
.........
.........
.....*...
......**.
.....**..
.........
.........

Generation = 18, Population = 5.
.........
.........
.........
.........
......*..
.......*.
.....***.
.........
.........

Generation = 19, Population = 5.
.........
.........
.........
.........
.........
.....*.*.
......**.
......*..
.........

Generation = 20, Population = 5.
.........
.........
.........
.........
.........
.......*.
.....*.*.
......**.
.........

