*** Life<Cell> 4x4 ***

Generation = 0, Population = 4.
----
-00-
-00-
----

Generation = 1, Population = 8.
-00-
0--0
0--0
-00-

Generation = 2, Population = 8.
-11-
1--1
1--1
-11-

Generation = 3, Population = 8.
-**-
*--*
*--*
-**-

*** Life<Cell> 5x6 ***

Generation = 0, Population = 6.
------
--00--
-0--0-
--00--
------

Generation = 1, Population = 12.
--00--
--11--
0-00-0
--11--
--00--

Generation = 2, Population = 18.
-0--0-
00**00
--11--
00**00
-0--0-

Generation = 3, Population = 16.
-1--1-
11..11
-0**0-
11..11
-1--1-

*** Life<Cell> 5x5 ***

Generation = 0, Population = 4.
-----
--0--
-0-0-
--0--
-----

Generation = 1, Population = 4.
--0--
-----
0---0
-----
--0--

Generation = 2, Population = 12.
-0-0-
0-0-0
-0-0-
0-0-0
-0-0-

Generation = 3, Population = 4.
--0--
-----
0---0
-----
--0--

*** Life<Cell> 5x5 ***

Generation = 0, Population = 3.
-----
--0--
--0--
--0--
-----

Generation = 1, Population = 10.
--0--
-010-
-0-0-
-010-
--0--

Generation = 2, Population = 10.
--1--
0-*-0
0---0
0-*-0
--1--

Generation = 3, Population = 16.
00*00
1-.-1
-0-0-
1-.-1
00*00

Generation = 4, Population = 12.
--*--
*0.0*
0---0
*0.0*
--*--

Generation = 5, Population = 18.
0-*-0
*1*1*
-0-0-
*1*1*
0-*-0

*** Life<Cell> 9x9 ***

Generation = 0, Population = 5.
--0------
0-0------
-00------
---------
---------
---------
---------
---------
---------

Generation = 1, Population = 10.
0010-----
-0-0-----
-1-0-----
-00------
---------
---------
---------
---------
---------

Generation = 2, Population = 13.
11--0----
--0-0----
0-010----
0-1------
-00------
---------
---------
---------
---------

Generation = 3, Population = 18.
**-010---
--10-0---
1-1--0---
10--0----
-1-0-----
-00------
---------
---------
---------

Generation = 4, Population = 15.
.*1---0--
----0-0--
*1*--10--
---------
--0------
0-1------
-00------
---------
---------

Generation = 5, Population = 27.
..*01010-
0--0-0-0-
.-.1-*-0-
10---00--
0110-----
-0-0-----
-1-0-----
-00------
---------

Generation = 6, Population = 31.
..*1-1--0
-0--0-0-0
*1**-*010
----0-1--
----000--
--1-0----
0-010----
0-1------
-00------

Generation = 7, Population = 36.
..**1--01
-110--10-
****-.---
101-1---0
--101--0-
00*0--0--
1-1--0---
10--0----
-1-0-----

Generation = 8, Population = 20.
.*..*1--*
---1-0*--
....-.010
-1*-*0---
-1*1-0---
--.------
--*------
---------
-*-------

Generation = 9, Population = 28.
....*--0.
-11-0-.--
..**0.--1
1-.0*--00
0-.*110--
-0.0-0---
-1.1-----
-01------
0.0------

Generation = 10, Population = 30.
...*.11-.
0*-1-0.00
....1*--*
*1.1.--1-
1-..**1-0
-1.-01---
1-.*00---
---------
-.10-----

Generation = 11, Population = 35.
..*..-*-.
1.-*0-.1-
...***01*
**.-.---0
*1**..*0-
0-.-1*--0
--.*1-0--
1-1-00---
-.*10----

Generation = 12, Population = 34.
...*.1.-.
-.-.--.*-
****.*-**
*..-.0-11
.******10
1-.0-.0--
--..*--00
--*-11---
0**------

Generation = 13, Population = 39.
.....-.0.
1*1*--.*-
***.*.-..
*..-.-1**
****...*-
--.11.10-
1-..*--11
1-*--*000
1**100---

Generation = 14, Population = 35.
.**..-.1.
-.**--..0
......0.*
...1.0***
******..-
-1.--**1-
*1..*-0*-
-0*-1.-1-
-.*----00

Generation = 15, Population = 40.
.***.-.-.
-***0-..1
..****1.*
.*.*.-..*
**.*....0
1-.11..-0
**.**0-.1
--*-**---
-**10-0-1

Generation = 16, Population = 30.
.*..*-.-.
1...--.**
.....**.*
**...0..*
**.*...*-
-1.*-*.1-
**...-0.*
10.-..---
1**--0---

Generation = 17, Population = 30.
.....1.1.
-...00***
**...**.*
***.*1..*
.......*-
1-..-..*-
.....--*.
*1.-..0-0
-.*10-0--

Generation = 18, Population = 39.
....**.**
1...1-..*
*.**....*
*.*.*-..*
*.....**-
-1..-.**0
**...--**
.**0.*11-
1**-1-101

Generation = 19, Population = 37.
....**.**
**..*-..*
*.*.*..**
*.*..1..*
*....**.0
1*..-...-
*....00..
...1****0
*..1-0-1*

Generation = 20, Population = 35.
....**.**
**..*-*..
*.*.**.**
*..***..*
*....***1
**..-..*0
**...--..
...-....-
...*111-*

*** Life<Cell> 9x9 ***

Generation = 0, Population = 5.
--0------
0-0------
-00------
---------
---------
---------
---------
---------
---------

Generation = 2, Population = 13.
11--0----
--0-0----
0-010----
0-1------
-00------
---------
---------
---------
---------

Generation = 4, Population = 15.
.*1---0--
----0-0--
*1*--10--
---------
--0------
0-1------
-00------
---------
---------

Generation = 6, Population = 31.
..*1-1--0
-0--0-0-0
*1**-*010
----0-1--
----000--
--1-0----
0-010----
0-1------
-00------

Generation = 8, Population = 20.
.*..*1--*
---1-0*--
....-.010
-1*-*0---
-1*1-0---
--.------
--*------
---------
-*-------

Generation = 10, Population = 30.
...*.11-.
0*-1-0.00
....1*--*
*1.1.--1-
1-..**1-0
-1.-01---
1-.*00---
---------
-.10-----

Generation = 12, Population = 34.
...*.1.-.
-.-.--.*-
****.*-**
*..-.0-11
.******10
1-.0-.0--
--..*--00
--*-11---
0**------

Generation = 14, Population = 35.
.**..-.1.
-.**--..0
......0.*
...1.0***
******..-
-1.--**1-
*1..*-0*-
-0*-1.-1-
-.*----00

Generation = 16, Population = 30.
.*..*-.-.
1...--.**
.....**.*
**...0..*
**.*...*-
-1.*-*.1-
**...-0.*
10.-..---
1**--0---

Generation = 18, Population = 39.
....**.**
1...1-..*
*.**....*
*.*.*-..*
*.....**-
-1..-.**0
**...--**
.**0.*11-
1**-1-101

Generation = 20, Population = 35.
....**.**
**..*-*..
*.*.**.**
*..***..*
*....***1
**..-..*0
**...--..
...-....-
...*111-*

*** Life<Cell> 9x9 ***

Generation = 0, Population = 5.
--0------
0-0------
-00------
---------
---------
---------
---------
---------
---------

Generation = 3, Population = 18.
**-010---
--10-0---
1-1--0---
10--0----
-1-0-----
-00------
---------
---------
---------

Generation = 6, Population = 31.
..*1-1--0
-0--0-0-0
*1**-*010
----0-1--
----000--
--1-0----
0-010----
0-1------
-00------

Generation = 9, Population = 28.
....*--0.
-11-0-.--
..**0.--1
1-.0*--00
0-.*110--
-0.0-0---
-1.1-----
-01------
0.0------

Generation = 12, Population = 34.
...*.1.-.
-.-.--.*-
****.*-**
*..-.0-11
.******10
1-.0-.0--
--..*--00
--*-11---
0**------

Generation = 15, Population = 40.
.***.-.-.
-***0-..1
..****1.*
.*.*.-..*
**.*....0
1-.11..-0
**.**0-.1
--*-**---
-**10-0-1

Generation = 18, Population = 39.
....**.**
1...1-..*
*.**....*
*.*.*-..*
*.....**-
-1..-.**0
**...--**
.**0.*11-
1**-1-101

*** Life<Cell> 9x9 ***

Generation = 0, Population = 5.
--0------
0-0------
-00------
---------
---------
---------
---------
---------
---------

Generation = 20, Population = 35.
....**.**
**..*-*..
*.*.**.**
*..***..*
*....***1
**..-..*0
**...--..
...-....-
...*111-*

*** Life<Cell> 20x20 ***

Generation = 0, Population = 86.
-----0-----------0--
--0--0---0---0-0----
-----------------0-0
-00---0-0--0--00---0
---0-0-------0-0----
-0---0------0--0-0--
-----00------0-----0
-000--0--0----------
-----0--0------0-0--
--00--0----0----0---
00---------0--------
--0---0--------0----
00-00-------0-00----
-------00-00---00---
-0----0--0----0-----
------------0----00-
------------0-----0-
0----------0-----0-0
-------------0-0----
0----00---00--00--0-

Generation = 1, Population = 188.
--0-010--0---0-00-0-
-0-0010-0-0-0---0--0
-0---00-00-0-00-0--1
011------00-0-1-0001
-----1--0--0--0-00-0
0-000------0-001--00
--000--0-0----00-00-
01-10010--0--0-0-0-0
-0--0-00---0--0-0-0-
0-110--00-010-------
1100------010--00---
-0--00-0---00--10---
110110000-0---11----
0--00--11011--0-10--
0-0--0-----000--000-
-0----0--0-0100-01-0
0-----------10---01-
-0--------0--0-00-0-
-----00---0-0-010000
-0--0110-0110-1-00-0

Generation = 2, Population = 160.
---0-*-0-------1----
01011-1-1--0-00--0-1
---0---------1------
1**0--0-0-1--0--11-*
-0-0--00---1---0----
---1---00001-1---0--
----1--1---0-0-1---0
1-0---*10---0--101--
01-0-0-1--01---0-0--
1--*-0--1----000--0-
-*1-00--00--100--0--
0-00--01--0--0-*-0--
-*-*-1---01000--00--
--0--0--*-*---10----
10-----00--11-001-1-
0------00-----1--*--
-0----0--00--1-00---
--0--00--010010-----
-----------010-*-11-
0-001**1-1*---*0--01

Generation = 3, Population = 197.
00-10*0----0-0--00-0
1---*1-0-00---1-0---
--0-------000---0---
**.10010----011-**-.
-10-01--000*0-0----0
-00*---1---*-*0-0-00
0-0--0--00-101-*--0-
*1--0-.-1000--0*--00
1*01-10*001*-0--01--
*0-*0-0-*-01--1-00-0
1.--1----1-1*--001--
-----01*-01-0-0*0-0-
-*-*-*-0-1-----11-0-
00--010-*0.1----100-
-1---00-10-**-11*0-0
10--------001-*00*--
------1------*-11---
---001-00-*11-10000-
0--00--0--0-*--*-*--
--1--***-**-0-*-0--*

Generation = 4, Population = 162.
-1-*1.1--0-----1-1--
*-0-.-1--1-00------1
------0--------0----
*..*11-1-0-01---**0.
-*-----01--.---0-0-1
---.--0-0--.-.-1----
1-1---0---0*---.-0-0
.-0--0.-*-11-01*---1
*.---*1.-1-.--0-----
.-1.-010.--*---011--
**--*--0-*--*00----0
00-0---*-1*01-1.1010
-*-.1.-10--00---*0-0
110-1--1.1.*--10*1--
1-0-------0..--*.11-
*-0--0--0-11-0.--.00
00-00---0---1.-**01-
0-0-1*0-1-*--1*-1110
-0---0-----0*00.-.-0
00---***-**-1-.0--0.

Generation = 5, Population = 209.
--0****001000-0---00
.1--.1-01*-110---00-
--000-1-------0--001
....-*1*0--1*1-0.*1.
-.0001-----.0-01010-
000.-011100.-.0*0---
--*0--11-0-*010*0--1
.11101.1.0---1**010*
.*--0.-.---*--1001-0
*--.--*-.-0.-011-*00
*.--*----*-1.------1
-1--0-1*0-.1*0*.-1-1
1.-.*.0*11-1-0--.101
-*--*10*.-.*-0*1.*-0
-1-000-01-1.*0-*.---
*01---001--*1-*-0.11
11-1-010-0---.-*.1*0
1--0-.1-*-.-1-.0-**-
01----000001.1-.0.11
1-1-1**.-.*1*-*-00-.

Generation = 6, Population = 190.
--1***.11*-1-0-1---1
.-0-.*--*.0-*11-0-11
--1-1-*0-0---1--01-*
....1.**101***-1..*.
0.---*0--00.10--1*-1
1-1.--**-11.-.1.1-00
10.--0-*0-0*-*-.1--*
.-**1*.*.11---..-*-*
**--1.1.-1-.00*-1*--
*--.-0.0.--*01*-1*-1
**-0.0-0-*0*.--0----
0-00---.-1.*.1*.1*1-
-*-**.1.**--0-11.*-*
-*0-.*1..1.*01.-.*01
--011--1---..--..11-
.-*000-----*-0*--.--
*-0*-1----00-*-*.-.-
-0011.--.0.---*11..0
1*-00-1-1-1-.--.1.-*
*0--***.0..**0.--1-.

Generation = 7, Population = 181.
-1-*******0-010----*
.1--..-0..-1.-*010**
-0*-*0.--1000----*-*
...**...--*...--...*
1*0--.10-11.-----.-*
-0-.-0..1-*.0.-.-011
-1.0-11.1-1*-.-**--*
.1***..*.---0-**0*-.
**--*.-*0*-.-1*--.0-
.0-.-1.1.--.1*.1-*--
*.11.1-1-*-..-0-0-01
1-11-01*--.*.*..***-
-.-.*.****111--*..-*
1*-0..-..***1**1..1-
--1*-0--10-*.-1..---
.0.-1-00---*--*--.1-
.11.-*1---1--*-.*-.0
1-1--.1-.-.1--**-..1
-.0-10*-*0--*10.**1.
*-1-*.*.1*.**1.---0.

Generation = 8, Population = 176.
0*-.******111---01-*
*--1..-1..0*.-*--1.*
0-*0*1.00*111100-*0*
*...*.*.-0....--...*
**1-0**11**.1----.-*
---.01..*1..-.-.-1-*
1-.11-*.*--.0*-..0-*
.*.......11--1..1*-.
*.--**1*-.1.0-.01.-0
.1-*-*.-.--.*..-1*01
*.--.-0--.0..0-01--*
*---0-*.--.*.**.*..1
-.0.*.....*--0-*..0*
**01.*1.....*..-..--
11**1---*-1..--..---
.1.----1-0-*1-*00.--
*--*-.*--0-01*0..1*1
-0-11.-0.0*--1..1..*
-.----*-*-11.*-.**-*
.-*-*.*.-***.-*-0-1.

Generation = 9, Population = 185.
-*1.*********1011--.
*--*..--..1..-*---.*
--*1.*.--.**--11-*-*
*.......1-....11...*
***-1..-*.*.-0---.0*
-01.1-...-**-*-.1*-*
--.*-1.**01.1*0..--.
**.*....**-10***-*0.
**--**-.0**.1-.1*.-1
*--.0..1.--.***1*.-*
**-1*-11-.-*.101*--*
.1111-..--**.*..**.-
-.1.*.*....--11*..1*
*.--.**..*.*...1..11
--..*-0-*0-.*-1*.---
.*.-1---111.-0*-1*11
*11*-.*00-1-*.-..**-
----**1-.-.1--.**..*
-.00-0*0*-*-.*-.*.1*
.0.-.*.*-*.**-.-11-.

Generation = 10, Population = 198.
-************-1-*1-.
.-0...11*.-..-.011*.
-0*-*..-0***11*--.-*
*...*...*0**.*--*..*
*.*-*..1..**11-11*1*
---.*-.*.-..0.-.**1*
1-.*1-.*.1-.-.-..-0.
**.*.**...-*-...1*1.
..0-**1*-.*.-1.*..-*
.1-.-..*.00....-.*0*
*.1-.-*-0.-*.*1*.-0.
*-***0**-1**.....*.-
1.*.*.*....-1--*..-*
..0-*.*.***.*..-*.--
11..*01-.1-**0-..1--
**.-*0--**-.11*0*.**
**-*0.*--0*0**0....1
10-1..*0.-*--1.**..*
-.1111.1*0*1..0...**
.-*0**.*1****-.0-*-.

Generation = 11, Population = 163.
0*****...***.--1.--.
.1-...-*..-..1.1***.
-1*-.*.-1...-**--.-*
*.*.**.*.1....--*..*
.*.-**.*....*--*-.*.
--1.*1**.1*.1*-*..-.
*-**--.**-1.1.-..0-.
**......*.-.0...**-*
*.-1*.**0***1-....0*
.-1*0....1-***.-**1*
*.*-*-.--.0**.-.*11*
*-*.*-..0***.*.**.*1
*.*........-*11.*.1.
*.1-*.*.***....-*.-1
--*..1-1.-1..--..--0
...-.-01*.-.*-.-****
..-*-.*---.-..-..*.-
--1-...-.0.1-*.*...*
1.--*-.*.1.-.*-..***
.0*1.*.**...*1.--.-.

Generation = 12, Population = 171.
1****.....*..11*.10.
.-0..*1.**1.**.-***.
--*1**.0-...1**--.-*
*.*....*.-...*1-..**
.**0...*.****-0*-...
1-*..*...**.**-.*.1.
*1**-1...1*.-.-..10.
*...*.*...-.-*..**1*
*.--**.*1...*-....-.
.1-.1..*.*-..*.1*.-.
..*1*1.-0.-...-..*-.
*-*..0..1*.........-
*.*..*.*...-***.*.*.
..--.*******.*.1.*-*
11.*.--*.-**.--.*1--
...0.--**.1..1.0**.*
..-.0.*-00.0*.-..*.-
10--...0*1*--.*.**.*
-.--*-**.**1.*0...**
.1***.***...*-.--.1.

Generation = 13, Population = 161.
******....***--*.--.
.--...****-....-*..*
01*-**.1-*.*-..10.0*
.......*.1*...*-..**
*..1..*..*...--*-***
*-....*.....**-**.*.
*-**1**..-**1*-..-1.
*.*...****1.-...*.**
**-1*..**...*1**..0.
.--.-..*.*0....**.-.
..*-.-*-1.-...-.*.1.
.-*..-.*-*...*...*.-
....**.....-*******.
*.11**...*...*.-..1.
***.*1-..-...--..*1-
..*1*--...*..-.1....
..-.-.*-1-.1**0....-
*11-...-.-.11.****.*
1.1-*-.....***-*...*
.****.*.*****-.--.**

Generation = 14, Population = 156.
.***********.11..--.
.--....*.*-.*..1****
1-.-.*.-1...1..*-.-.
*.****.*.*....*1....
...-..*****..1-*1...
*0*...**..*..*-**...
*-**-...*-*.**0**1-.
*.........-.-..*..**
**0*.......*.-*...1*
.11*1.*..*1..*..*.-.
...1.1*--.0...-**.-.
.1.*.0**1...**.....-
.**..**.*..1*..**.*.
*.--..*.....**.1..-*
*....-1..1...0-..*-0
..*-*-0....**1*-....
..-.0..--0*-..-....1
*--1...-.-***...*.*.
*.-1*1...*....0*.*.*
.**.**...**..-.0-.**

Generation = 15, Population = 165.
..******.********10.
.10*......-.*..-***.
*1.1.*.1-*..**..-*0.
.*.***....*..*.*....
*..1*.....*..*0.-...
*-**..*...*...1.....
*1**1..*.-.***-..*-.
*.........1*0......*
*.1.*.....*..-**.*-*
*-*.*.*..*-*..*.**1.
.*.-.-.-1.1***1**.-.
.*.*.1..-*..***..*.-
***.*...*..*...**...
*.1-..*....*.*.*.*-*
.*...1-*.-.*.--...-1
...-.-1..*.****1..*.
..1.1*.-11.1..0....-
.11*.*.-.1.*...*****
*.--.-...*....1*.*.*
.**..*...**..-*11.**

Generation = 16, Population = 146.
.*..***...******.*-.
*-1....*.*1....-...*
**.-.**--..****.-.-.
.*...**..***........
*..*.....***.*-*-...
*0...*....*...*.....
*-..*....-...*-...1.
*...*.....-.-.*.*...
*.*..*...*..*1**.*1*
*1*..*...*-.......*.
**.1*1.1-.*...-...1.
...**-..1*.......*.-
*...**....**...*.**.
*.*1.***..**..**..-.
.*...--*.1.*.-1**.-*
...-*0-*.*.*.***....
.**.***0**.-..1....1
.***.*.-.-.......*.*
*.-1*-..**....-.....
.*.......**..1******

Generation = 17, Population = 155.
.*...**..******...0.
*--.*..*.*-....1....
*.*-.*.--...**..-.-.
.**.***..*..........
*.*.***.....*.0.1...
*1..*....******.....
*-..**...-...*0*..-.
*..***....-.0...*..*
*.****.......-******
.*...*..**-..**.....
*..-.-*--.*...-..**.
***..1*.**.*....**.-
.**....**..*..**.**.
*.**.*.***..*....*1.
.***.--*.*.*.-*.*.1.
.**1*-1..*..**..*...
.*.....1.**1.***..**
*......0.-........*.
*.--*-..***...1*...*
........***..******.

Generation = 18, Population = 140.
.....**.*******...-.
*-1.*...**-....-....
*.*1...1-.......-.-.
*.*.........*.......
*.*...*..*..*.1*-...
**....*...**........
*-.......1*...1*..-.
*.*...*...-.-......*
*.*...*......-*.****
****.**..*-..**....*
*.*-.1*1-.*...1.***.
*.*..**.**.*...*...-
....**.....**..*....
*...*....*.****...**
*....1-*.*.*.-.**.*.
*..**--*.*......*.**
**.*..**.***.***.***
**.....1.-.*.*....*.
..-1.1.*..*..*-....*
........*.*..*..***.

Generation = 19, Population = 134.
.....*.**.****....-.
.-*.***...-***.-....
*.**...--.......-.-.
*.*..........*......
*.*.......*.***.1...
*..........*.*......
*-.......***..*...-.
*.........1.-.*.**.*
*.....**.....-**.*.*
*..**.....-..**....*
*..-.*.*-.*..**.***.
...*....**.**.**.*.-
.*.**.*.**.....*....
....*.*.*....**.****
**.*.--..*.*.0***...
*.***--*.*.**.......
...**.**.*.*.****...
**..*..-.1.*.*...*..
..1-.-******.*1....*
.........*.......**.

Generation = 20, Population = 121.
....**.*..*..*....-.
.1*.****..-..*.-....
..*.**.--....*..-.-.
*.*.........***.....
*..........*..*.-...
*........*.....*....
*1.......*.*****..-.
**.......***-**.**..
**...........-...*.*
**..**.*..1........*
...-....-***....***.
..**.**....**....**-
..***.....*.*.......
**..*...*.*.**...**.
**...-1*.*.*.-..*.*.
*....0-*.*.*........
*.....**.*.*.****...
.**.*..-.-.*....*...
.*-1.1.*...*.**..*..
.......*.*........*.

Generation = 21, Population = 114.
...**..*..........-.
.**....*..1.***-....
..*.*..1-.......-.-.
...*........*.*.....
*...........*.**-...
*..........*...*....
.-......**.*......-.
..*......*.*0...***.
..*......*.*.1..**..
**.......***....*..*
.**1....1*..*...*..*
..*..*...*..*...*.*1
.........**.........
*...**.**.*.**...**.
.....-**.*.*.0....*.
*....--..*.*..*.**..
*....***...*..***...
******.-*1.*....**..
.*1-*-*.*.*.*....*..
......*.*...........

Generation = 22, Population = 120.
..**.........*....-.
.**.*.***.-..*.1....
.**....*1..**.*.-.-.
...*..........**....
...........**.**1...
..........***.**....
.-......**.*....**1.
.........*.*1...*.*.
..*.....**...-.*....
*..*.......*...**.*.
*..*....*...*..**..*
.***.......*.....**-
....***...*.**.....*
.....*.*....**...**.
.....-**.*.*.1*.*.*.
.....0-....*.**.**..
*.**.***.*.**.*.....
*......-**.**....*..
*.-1*1*.*.**....**..
.....*...*..........

Generation = 23, Population = 114.
.***...*......*...-.
......*.*.-..*.-....
.*....*.-...*...-.-.
..*.............*...
..........*.*...*...
.........*....*.....
.-......**...*..*.-.
...........**..**.*.
........**.**-.*....
.***....**....*..*..
*..**......**..*...*
.***.*.....*.*..***1
..*****......*.....*
....*..**.*......***
.....1.**.**.*..*.*.
....*11....*....**..
.*..****.*....****..
*.*....-.....*..**..
..1******..**...**..
.....**..**.........

Generation = 24, Population = 115.
..*....*..........-.
.*....*...-..*.-....
.......*1.......0.-.
...........*........
...............*....
........***..*.*....
.-......***.***.**1.
...........*.*****..
..*.....**.**1**.*..
.****...**...****...
*.........******...*
.*....*....*.**.**.*
.*....**....*...*...
........*.***....*.*
.....*..*.***...*..*
.....--..*.**.*...*.
.*.**..*......*...*.
..*....-....***...*.
.*-**..******...**..
...*....****........

Generation = 25, Population = 90.
..................-.
......*.*.-....-....
.......**.......-.-.
....................
.........**...*.....
........*.****.*.*..
.-......*.........*.
....................
.**.....**.*.-...*..
.***....*...........
*..*.....***.....**.
**....**..*.....***.
......**..*....**...
......*.*.*..*..***.
........*........*.*
....*1-.**..*..*.***
..**.......*..**.***
.*.....-.**.*.**..*.
..1**..*.........*..
..***..*....*.......

Generation = 26, Population = 89.
..................-.
........*.-....-....
.......**.......-.-.
........**..........
.........**.***.....
........*.*****.....
.-.......*.**.......
........**..........
.*.*....**...-......
*..*....*..*.....**.
*..*...*****....*.*.
**....***......*..*.
.....*..*.**...*....
......*.*......*..*.
.....*..*..........*
...***1.**....**....
..***...*..**.......
.*..*..1..**.***...*
.*-.*...*..*.*......
..*.*...............

Generation = 27, Population = 68.
..................-.
.......**.-....-....
.......*........-.-.
.......*..*..*......
..............*.....
........*.....*.....
.-..................
....................
..*....*..*..-......
**.**......*.....**.
*.*...*...**....*.**
**....*........***..
.....*..*.....***...
.....**.*...........
........*.....**....
..*...*.**..........
..*...*.*..**.......
.*..**.-***..**.....
.*-.**....**.*......
...*................

Generation = 28, Population = 67.
..................-.
.......**.-....-....
......**........-.-.
....................
.............**.....
....................
.-..................
....................
.***.........-......
*..*.......*.....***
..**.*....**...*...*
**...***......*...*.
.....*........*..*..
.....**.**......*...
.....**.*...........
........**..........
.***..*....***......
.****.*1*....**.....
..1*.*....*****.....
....*...............

Generation = 29, Population = 66.
..................-.
......***.-....-....
......***.......-.-.
....................
....................
....................
.-..................
..*.................
.***.........-....*.
..........**......**
*.**.*....**.....*.*
.**..*........**..*.
....*...*......*.*..
....*...**..........
.....**.............
..*..**.**..*.......
.*..***..*..***.....
......*-..*.........
.*-..***...**.*.....
...**......***......

Generation = 30, Population = 71.
.......*..........-.
......*.*.-....-....
......*.*.......-.-.
.......*............
....................
....................
.-..................
.***................
.***.........-....**
....*.....**.....*.*
..***.....**.....*.*
.**..*........**.**.
...***..**....***...
....*..***..........
....*.*.............
........**..*.......
....*...******......
....*..-..*...*.....
..1.****..*.........
....***....*.*......

Generation = 31, Population = 69.
.......*..........-.
......*.*.-....-....
......*.*.......-.-.
.......*............
....................
....................
.1*.................
.*.*................
.*..*........-....**
.*..*.....**.....*.*
.**.**....**.....*.*
.*...*...**...*..**.
..**.***.*....*.**..
......**.*.....*....
.....*..............
.....*.**...**......
........*...**......
....*.*1*...**......
..-....*..**........
...**..*............

Generation = 32, Population = 70.
.......*..........-.
......*.*.-....-....
......*.*.......-.-.
.......*............
....................
....................
.-*.................
**.*................
**.**........-....**
**..*.....**.....*.*
******..........**.*
.*......**.*...*....
..*.**.*.*....*.***.
....*..*.......**...
.....*..............
......***...**......
.....*...*.*..*.....
......****...*......
..-***.....**.......
....................

Generation = 33, Population = 70.
.......*..........-.
......*.*.-....-....
......*.*.......-.-.
.......*............
....................
....................
.-*.................
*..**...............
...**........-....**
................**.*
...***...*.*....**..
*.....*.***....*....
...*****.**...*..*..
...**...*......**...
.....*..*...........
.....****...**......
.....*...**...*.....
......****.*.*......
..1.*****...*.......
....*...............

Generation = 34, Population = 60.
.......*..........-.
......*.*.-....-....
......*.*.......-.-.
.......*............
....................
....................
.1.*................
..*.*...............
...**........-...***
.....*..........*..*
....**..**.....*.**.
...........*...*.*..
...*..*...*...*.....
...*....*......**...
.....*..**..........
....**.**....*......
.....*....**..*.....
....*......***......
..-**....*..*.......
...**.**............

Generation = 35, Population = 63.
.......*..........-.
......*.*.-....-....
......*.*.......-.-.
.......*............
....................
....................
.-**................
..*.*.............*.
...***.......-...***
...*.*..........*..*
....**.........*.**.
....**...**...**.**.
..............*.....
....*..**......*....
.....**..*..........
....**.**.*.........
.....**...**..*.....
...***.......*......
..1........***......
...***..............

Generation = 36, Population = 66.
.......*..........-.
......*.*.-....-....
......*.*.......-.-.
.......*............
....................
....................
.1**................
..*..*...........***
..*..*.......-...*.*
...*..*.........*..*
...*..*.......**...*
....**........**.**.
....**..**....*.*...
.....****...........
.........*..........
....*..**.**........
...*...*.***........
...****...*..**.....
..-.........**......
...**.......*.......

Generation = 37, Population = 70.
.......*..........-.
......*.*.-....-....
......*.*.......-.-.
.......*............
....................
..*.................
.***..............*.
....*............*.*
..*****......-..**.*
..*****........**..*
...*..*.......*..*.*
...*..*......*...**.
........**....*.**..
....****............
.....*...**.........
.......*...*........
...*...*....*.......
...****..**..**.....
..-........**.*.....
............**......

Generation = 38, Population = 76.
.......*..........-.
......*.*.-....-....
......*.*.......-.-.
.......*............
....................
.***................
.***..............*.
.*..............**.*
..*...*......-.*.*.*
.......*.......*...*
......**......**.*.*
.......*.....***....
....*...*.......***.
....****..*.........
....**.**.*.........
......*.*.**........
...*.*.**.****......
...****...*...*.....
..-.**....**..*.....
...........***......

Generation = 39, Population = 59.
.......*..........-.
......*.*.-....-....
......*.*.......-.-.
.......*............
..*.................
.*.*................
*..*.............**.
.*.*............**.*
.............-.*.*.*
.......*.......*...*
......***....*....*.
......***....*......
....*...*.....****..
...*.............*..
....*...*.*.........
....................
...*....*...**......
...*...*......*.....
..-*..*...*...*.....
..........****......

Generation = 40, Population = 60.
.......*..........-.
......*.*.-....-....
......*.*.......-.-.
.......*............
..*.................
.*.*................
**.**...........***.
..*................*
.............-.*.*.*
......***.....*.*..*
..............*.....
.....**..*...*.***..
........*.....****..
...**....*.....*.*..
....................
.........*..........
.............*......
..***..*......*.....
..1.......*.*.*.....
..........****......

Generation = 41, Population = 56.
.......*..........-.
......*.*.-....-....
......*.*.......-.-.
.......*............
..*.................
**.**............*..
**.**............**.
.***...............*
.......*.....-.**..*
.......*......*.*.*.
.....*..*....**..*..
.............*...*..
....**..**........*.
..............**.*..
....................
....................
...*................
..**..........*.....
..*.......*.*.*.....
..........*.**......

Generation = 42, Population = 64.
.......*..........-.
......*.*.-....-....
......*.*.......-.-.
.......*............
.***................
*...*............**.
.................**.
**.**...........**.*
..*..........-.*****
......***....**.*.*.
.............******.
....**..**...**..**.
..............*.***.
....................
....................
....................
..**................
..**.........*......
..**........*.*.....
............**......

Generation = 43, Population = 57.
.......*..........-.
......*.*.-....-....
......*.*.......-.-.
..*....*............
.***................
.***.............**.
**.**..............*
.***...........*...*
.***...*.....1*....*
.......*.....*......
.....**..*..*......*
...................*
.............****.*.
.................*..
....................
....................
..**................
.*..*........*......
..**........*.*.....
............**......

Generation = 44, Population = 51.
.......*..........-.
......*.*.-....-....
......*.*.......-.-.
.***...*............
....................
..................*.
*...*..............*
..............*...**
.*.*.........-*.....
..*....**...***.....
......*.............
.............***..**
..............*****.
..............****..
....................
....................
..**................
.*..*........*......
..**........*.*.....
............**......

Generation = 45, Population = 41.
.......*..........-.
......*.*.-....-....
..*...*.*.......-.-.
..*....*............
..*.................
....................
...................*
..................**
..*..........-**....
..*....*.....**.....
.......*....*..*....
.............*....**
...................*
..............*...*.
...............**...
....................
..**................
.*..*........*......
..**........*.*.....
............**......

Generation = 46, Population = 33.
.......*..........-.
......*.*.-....-....
......*.*.......-.-.
.***...*............
....................
....................
..................**
..................**
.............-**....
.............*......
............*.......
..................**
...................*
...............*....
...............*....
....................
..**................
.*..*........*......
..**........*.*.....
............**......

Generation = 47, Population = 31.
.......*..........-.
......*.*.-....-....
..*...*.*.......-.-.
..*....*............
..*.................
....................
..................**
..................**
.............-*.....
.............**.....
....................
..................**
..................**
....................
....................
....................
..**................
.*..*........*......
..**........*.*.....
............**......

Generation = 48, Population = 31.
.......*..........-.
......*.*.-....-....
......*.*.......-.-.
.***...*............
....................
....................
..................**
..................**
.............-*.....
.............**.....
....................
..................**
..................**
....................
....................
....................
..**................
.*..*........*......
..**........*.*.....
............**......

Generation = 49, Population = 31.
.......*..........-.
......*.*.-....-....
..*...*.*.......-.-.
..*....*............
..*.................
....................
..................**
..................**
.............-*.....
.............**.....
....................
..................**
..................**
....................
....................
....................
..**................
.*..*........*......
..**........*.*.....
............**......

Generation = 50, Population = 31.
.......*..........-.
......*.*.-....-....
......*.*.......-.-.
.***...*............
....................
....................
..................**
..................**
.............-*.....
.............**.....
....................
..................**
..................**
....................
....................
....................
..**................
.*..*........*......
..**........*.*.....
............**......

